<?xml version="1.0" encoding="UTF-8"?>
<!-- Generated by org.testng.reporters.JUnitReportReporter -->
<testsuite skipped="0" hostname="LAPTOP-K2RFLLMD" name="com.nopcommerce.demo.computer.TestSuite" tests="2" failures="0" timestamp="16 Jun 2021 13:15:26 GMT" time="61.333" errors="0">
  <testcase name="verifyProductArrangeInAlphaBaticalOrder" time="23.271" classname="com.nopcommerce.demo.computer.TestSuite"/>
  <testcase name="verifyProductAddedToShoppingCartSuccessFully" time="38.062" classname="com.nopcommerce.demo.computer.TestSuite"/>
</testsuite> <!-- com.nopcommerce.demo.computer.TestSuite -->
