<?xml version="1.0" encoding="UTF-8"?>
<!-- Generated by org.testng.reporters.JUnitReportReporter -->
<testsuite skipped="0" hostname="LAPTOP-K2RFLLMD" name="com.nopcommerce.demo.homePage.TopMenuTest" tests="1" failures="0" timestamp="16 Jun 2021 13:15:26 GMT" time="8.865" errors="0">
  <testcase name="selectMenuAndClick" time="8.865" classname="com.nopcommerce.demo.homePage.TopMenuTest"/>
</testsuite> <!-- com.nopcommerce.demo.homePage.TopMenuTest -->
